[16:12:31.400] [INFO] Storybook Upgrade - v10.0.7
[16:12:31.448] [INFO] detect-projects-spinner-start: Detecting projects...
[16:12:31.449] [DEBUG] Finding Storybook projects...
[16:12:31.809] [DEBUG] Found 1 Storybook projects
[16:12:31.811] [INFO] detect-projects-spinner: Detecting projects: 1 projects
[16:12:31.811] [DEBUG] Getting Storybook data...
[16:12:31.811] [DEBUG] Getting Storybook info...
[16:12:31.821] [DEBUG] Loading main config...
[16:12:32.148] [DEBUG] Getting stories paths...
[16:12:32.164] [DEBUG] Getting package manager...
[16:12:32.382] [DEBUG] Getting Storybook version...
[16:12:32.383] [DEBUG] C:/Users/Cole/Documents/Fastrack/fastrack-drivingschool-website/.storybook - Validating before version... 10.0.7
[16:12:32.383] [DEBUG] C:/Users/Cole/Documents/Fastrack/fastrack-drivingschool-website/.storybook - Validating upgrade compatibility...
[16:12:32.383] [DEBUG] C:/Users/Cole/Documents/Fastrack/fastrack-drivingschool-website/.storybook - Fetching NPM version information...
[16:12:32.383] [DEBUG] Getting CLI versions from NPM for storybook...
[16:12:32.390] [DEBUG] Getting CLI versions from NPM for storybook@next...
[16:12:33.134] [DEBUG] C:/Users/Cole/Documents/Fastrack/fastrack-drivingschool-website/.storybook - Evaluating blockers...
[16:12:33.147] [DEBUG] Getting installed version for @storybook/experimental-addon-test...
[16:12:34.835] [DEBUG] An issue occurred while trying to find dependencies metadata using npm.
[16:12:34.835] [INFO] detect-projects-spinner-stop: 1 project detected
[16:12:34.835] [DEBUG] Found 1 valid projects and 0 error projects
[16:12:34.835] [INFO] Upgrading from 10.0.7 to 10.0.7
[16:12:34.874] [INFO] upgrade-dependencies-task-start: Fetching versions to update package.json files..
[16:12:34.874] [DEBUG] Updating dependencies in C:/Users/Cole/Documents/Fastrack/fastrack-drivingschool-website/.storybook...
[16:12:34.908] [INFO] upgrade-dependencies-task: C:/Users/Cole/Documents/Fastrack/fastrack-drivingschool-website/package.json
[16:12:34.909] [DEBUG] Getting CLI versions from NPM for @chromatic-com/storybook...
[16:12:35.818] [DEBUG] {
  "upgradedDependencies": []
}
[16:12:35.818] [DEBUG] {
  "upgradedDevDependencies": [
    "@storybook/addon-links@^10.0.7",
    "@storybook/addon-onboarding@^10.0.7",
    "@storybook/react@^10.0.7",
    "@storybook/react-webpack5@^10.0.7",
    "eslint-plugin-storybook@^10.0.7",
    "storybook@^10.0.7",
    "@chromatic-com/storybook@^4.1.2"
  ]
}
[16:12:35.818] [DEBUG] {
  "upgradedPeerDependencies": []
}
[16:12:35.819] [DEBUG] Getting CLI versions from NPM for @storybook/addon-links...
[16:12:36.567] [DEBUG] Getting CLI versions from NPM for @storybook/addon-onboarding...
[16:12:37.221] [DEBUG] Getting CLI versions from NPM for @storybook/react...
[16:12:37.931] [DEBUG] Getting CLI versions from NPM for @storybook/react-webpack5...
[16:12:38.588] [DEBUG] Getting CLI versions from NPM for eslint-plugin-storybook...
[16:12:39.210] [DEBUG] Using cached version for storybook...
[16:12:39.210] [DEBUG] Using cached version for @chromatic-com/storybook...
[16:12:39.211] [INFO] upgrade-dependencies-task-success: Updated package versions in package.json files
[16:12:39.212] [INFO] detect-automigrations-task-start: Detecting automigrations...
[16:12:39.212] [DEBUG] Starting automigration collection across 1 projects and 18 fixes...
[16:12:39.245] [INFO] detect-automigrations-task: Checking automigrations for
C:/Users/Cole/Documents/Fastrack/fastrack-drivingschool-website/.storybook...
[16:12:39.245] [DEBUG] Processing project: C:/Users/Cole/Documents/Fastrack/fastrack-drivingschool-website/.storybook
[16:12:39.245] [DEBUG] Checking fix eslintPlugin for project C:/Users/Cole/Documents/Fastrack/fastrack-drivingschool-website/.storybook...
[16:12:39.248] [DEBUG] Checking fix addon-mdx-gfm-remove for project C:/Users/Cole/Documents/Fastrack/fastrack-drivingschool-website/.storybook...
[16:12:39.248] [DEBUG] Checking fix addon-storysource-code-panel for project C:/Users/Cole/Documents/Fastrack/fastrack-drivingschool-website/.storybook...
[16:12:39.248] [DEBUG] Checking fix upgrade-storybook-related-dependencies for project C:/Users/Cole/Documents/Fastrack/fastrack-drivingschool-website/.storybook...
[16:12:39.248] [DEBUG] Checking for incompatible storybook packages...
[16:12:39.249] [DEBUG] Getting installed version for @storybook/addon-essentials...
[16:12:39.251] [DEBUG] Getting installed version for @storybook/addon-interactions...
[16:12:39.254] [DEBUG] Getting installed version for @storybook/blocks...
[16:12:39.257] [DEBUG] Getting installed version for @storybook/test...
[16:12:39.260] [DEBUG] Getting installed version for @storybook/testing-library...
[16:12:41.386] [DEBUG] An issue occurred while trying to find dependencies metadata using npm.
[16:12:41.386] [DEBUG] Getting CLI versions from NPM for @storybook/addon-interactions...
[16:12:41.396] [DEBUG] An issue occurred while trying to find dependencies metadata using npm.
[16:12:41.396] [DEBUG] Getting CLI versions from NPM for @storybook/test...
[16:12:41.403] [DEBUG] An issue occurred while trying to find dependencies metadata using npm.
[16:12:41.403] [DEBUG] Getting CLI versions from NPM for @storybook/testing-library...
[16:12:41.411] [DEBUG] An issue occurred while trying to find dependencies metadata using npm.
[16:12:41.411] [DEBUG] Getting CLI versions from NPM for @storybook/blocks...
[16:12:41.420] [DEBUG] An issue occurred while trying to find dependencies metadata using npm.
[16:12:41.420] [DEBUG] Getting CLI versions from NPM for @storybook/addon-essentials...
[16:12:42.164] [DEBUG] Checking fix initial-globals for project C:/Users/Cole/Documents/Fastrack/fastrack-drivingschool-website/.storybook...
[16:12:42.175] [DEBUG] Checking fix addon-globals-api for project C:/Users/Cole/Documents/Fastrack/fastrack-drivingschool-website/.storybook...
[16:12:42.177] [DEBUG] Checking fix addon-a11y-addon-test for project C:/Users/Cole/Documents/Fastrack/fastrack-drivingschool-website/.storybook...
[16:12:42.177] [DEBUG] Checking fix consolidated-imports for project C:/Users/Cole/Documents/Fastrack/fastrack-drivingschool-website/.storybook...
[16:12:42.178] [DEBUG] Checking fix addon-experimental-test for project C:/Users/Cole/Documents/Fastrack/fastrack-drivingschool-website/.storybook...
[16:12:42.178] [DEBUG] Using cached installed version for @storybook/experimental-addon-test...
[16:12:42.178] [DEBUG] Checking fix rnstorybook-config for project C:/Users/Cole/Documents/Fastrack/fastrack-drivingschool-website/.storybook...
[16:12:42.178] [DEBUG] Checking fix migrate-addon-console for project C:/Users/Cole/Documents/Fastrack/fastrack-drivingschool-website/.storybook...
[16:12:42.178] [DEBUG] Checking fix remove-addon-interactions for project C:/Users/Cole/Documents/Fastrack/fastrack-drivingschool-website/.storybook...
[16:12:42.178] [DEBUG] Checking fix renderer-to-framework for project C:/Users/Cole/Documents/Fastrack/fastrack-drivingschool-website/.storybook...
[16:12:42.179] [DEBUG] Checking fix remove-essential-addons for project C:/Users/Cole/Documents/Fastrack/fastrack-drivingschool-website/.storybook...
[16:12:42.179] [DEBUG] Checking fix addon-a11y-parameters for project C:/Users/Cole/Documents/Fastrack/fastrack-drivingschool-website/.storybook...
[16:12:42.179] [DEBUG] Checking fix remove-docs-autodocs for project C:/Users/Cole/Documents/Fastrack/fastrack-drivingschool-website/.storybook...
[16:12:42.182] [DEBUG] Checking fix wrap-getAbsolutePath for project C:/Users/Cole/Documents/Fastrack/fastrack-drivingschool-website/.storybook...
[16:12:42.184] [DEBUG] Checking fix fix-faux-esm-require for project C:/Users/Cole/Documents/Fastrack/fastrack-drivingschool-website/.storybook...
[16:12:42.214] [INFO] detect-automigrations-task: 
Automigrations detected:
[16:12:42.250] [INFO] detect-automigrations-task: ✔ consolidated-imports
[16:12:42.283] [INFO] detect-automigrations-task: ✔ remove-addon-interactions
[16:12:42.314] [INFO] detect-automigrations-task: ✔ renderer-to-framework
[16:12:42.315] [INFO] detect-automigrations-task-success: 3 automigration(s) detected
[18:42:37.714] [PROMPT] Select automigrations to run {"choice":["remove-addon-interactions","renderer-to-framework","consolidated-imports"]}
[18:42:37.715] [INFO] automigrate-C:/Users/Cole/Documents/Fastrack/fastrack-drivingschool-website/.storybook-task-start: Running automigrations for C:/Users/Cole/Documents/Fastrack/fastrack-drivingschool-website/.storybook
[18:42:37.758] [INFO] automigrate-C:/Users/Cole/Documents/Fastrack/fastrack-drivingschool-website/.storybook-task: ✔ consolidated-imports
[18:42:37.760] [DEBUG] Uninstalling @storybook/addon-interactions
[18:42:37.792] [INFO] automigrate-C:/Users/Cole/Documents/Fastrack/fastrack-drivingschool-website/.storybook-task: ✔ remove-addon-interactions
[18:42:37.792] [DEBUG] 
Migrating @storybook/react to @storybook/react-webpack5
[18:42:37.794] [DEBUG] Updating package.json files...
[18:42:37.828] [INFO] automigrate-C:/Users/Cole/Documents/Fastrack/fastrack-drivingschool-website/.storybook-task: ✔ renderer-to-framework
[18:42:37.829] [INFO] automigrate-C:/Users/Cole/Documents/Fastrack/fastrack-drivingschool-website/.storybook-task-success: Completed automigrations for C:/Users/Cole/Documents/Fastrack/fastrack-drivingschool-website/.storybook
[18:42:37.829] [INFO] Installing dependencies...
[18:42:37.829] [INFO] install-dependencies-task-start: Installing dependencies...
[18:42:43.601] [INFO] added 34 packages, removed 7 packages, and audited 1662 packages in 6s

334 packages are looking for funding
  run `npm fund` for details
[18:42:43.632] [INFO] install-dependencies-task: added 34 packages, removed 7 packages, and audited 1662 packages in 6s

334 packages are looking for funding
run `npm fund` for details
[18:42:43.633] [INFO] 9 vulnerabilities (3 moderate, 6 high)

To address all issues (including breaking changes), run:
  npm audit fix --force

Run `npm audit` for details.
[18:42:43.666] [INFO] install-dependencies-task: 9 vulnerabilities (3 moderate, 6 high)

To address all issues (including breaking changes), run:
npm audit fix --force

Run `npm audit` for details.
[18:42:43.667] [INFO] Dependencies installed
[18:42:43.667] [INFO] install-dependencies-task-success: Dependencies installed
[18:42:43.667] [INFO] Checking the health of your project(s)..
[18:42:45.463] [WARN] C:/Users/Cole/Documents/Fastrack/fastrack-drivingschool-website/.storybook: 1 issue found
[18:42:45.495] [INFO] You are currently using Storybook 10.0.7 but you have packages which are incompatible with it:

- @storybook/addon-essentials@8.6.14 which depends on 8.6.14
 Repo: https://github.com/storybookjs/storybook/tree/next/code/addons/essentials

Please consider updating your packages or contacting the maintainers for compatibility details.

For more on Storybook 9 compatibility, see the linked GitHub issue:
https://github.com/storybookjs/storybook/issues/30944
[18:42:45.495] [INFO] Incompatible Packages
[18:42:45.527] [INFO] You are currently using Storybook 10.0.7 but you have packages which are incompatible with it:

- @storybook/addon-essentials@8.6.14 which depends on 8.6.14
 Repo: https://github.com/storybookjs/storybook/tree/next/code/addons/essentials

Please consider updating your packages or contacting the maintainers for compatibility details.

For more on Storybook 9 compatibility, see the linked GitHub issue:
https://github.com/storybookjs/storybook/issues/30944
[18:42:45.560] [INFO] Storybook doctor is complete!
[18:42:45.600] [INFO] You can always recheck the health of your project(s) by running:
npx storybook doctor
[18:42:45.638] [INFO] The upgrade is complete!
[18:42:45.676] [INFO] Your project(s) have been upgraded successfully, but some issues were found which need your attention, please check Storybook doctor logs above.
[18:42:45.830] [INFO] If you want to learn more about the automigrations that executed in your project(s), please check the following links:

• consolidated-imports
• remove-addon-interactions
• renderer-to-framework
[18:42:45.865] [INFO] For a full list of changes, please check our migration guide: https://storybook.js.org/docs/releases/migration-guide?ref=upgrade